<?xml version="1.0" encoding="UTF-8"?>
<!-- Generated by org.testng.reporters.JUnitReportReporter -->
<testsuite hostname="keerthu" failures="0" tests="4" name="day6.pro2" time="0.005" errors="0" timestamp="2023-04-12T11:40:15 IST" skipped="0">
  <testcase classname="day6.pro2" name="JavaProgramming" time="0.001"/>
  <system-out/>
  <testcase classname="day6.pro2" name="PythonProgramming" time="0.001"/>
  <system-out/>
  <testcase classname="day6.pro2" name="BootStrap" time="0.002"/>
  <system-out/>
  <testcase classname="day6.pro2" name="JQuery" time="0.001"/>
  <system-out/>
</testsuite> <!-- day6.pro2 -->
