<?xml version="1.0" encoding="UTF-8"?>
<!-- Generated by org.testng.reporters.JUnitReportReporter -->
<testsuite hostname="keerthu" failures="0" tests="1" name="day6.NewTest" time="0.006" errors="0" timestamp="2023-04-12T11:40:15 IST" skipped="0">
  <testcase classname="day6.NewTest" name="f" time="0.006"/>
  <system-out/>
</testsuite> <!-- day6.NewTest -->
