<?xml version="1.0" encoding="UTF-8"?>
<!-- Generated by org.testng.reporters.JUnitReportReporter -->
<testsuite hostname="keerthu" failures="0" tests="3" name="day6.demo" time="0.004" errors="0" timestamp="2023-04-12T11:40:15 IST" skipped="0">
  <testcase classname="day6.demo" name="Samsung" time="0.001"/>
  <system-out/>
  <testcase classname="day6.demo" name="Apple" time="0.001"/>
  <system-out/>
  <testcase classname="day6.demo" name="Nokia" time="0.002"/>
  <system-out/>
</testsuite> <!-- day6.demo -->
