<?xml version="1.0" encoding="UTF-8"?>
<!-- Generated by org.testng.reporters.JUnitReportReporter -->
<testsuite hostname="keerthu" failures="0" tests="1" name="day6.pro1" time="13.671" errors="0" timestamp="2023-04-12T11:40:15 IST" skipped="0">
  <testcase classname="day6.pro1" name="opengoogle" time="13.671"/>
  <system-out/>
</testsuite> <!-- day6.pro1 -->
